\BOOKMARK [0][-]{part.1}{I Contexto}{}% 1
\BOOKMARK [1][-]{section.1}{Sobre la materia Organizaci\363n de Computadoras}{part.1}% 2
\BOOKMARK [1][-]{section.2}{Conceptos importantes}{part.1}% 3
\BOOKMARK [2][-]{subsection.2.1}{Enfoque de Von Neumann}{section.2}% 4
\BOOKMARK [2][-]{subsection.2.2}{Organizaci\363n de la computadora}{section.2}% 5
\BOOKMARK [2][-]{subsection.2.3}{Ejecuci\363n de un programa}{section.2}% 6
\BOOKMARK [1][-]{section.3}{Estado del arte}{part.1}% 7
\BOOKMARK [1][-]{section.4}{Arquitecturas Q}{part.1}% 8
\BOOKMARK [0][-]{part.2}{II Simulador QSim}{}% 9
\BOOKMARK [1][-]{section.5}{Funcionalidad del simulador}{part.2}% 10
\BOOKMARK [2][-]{subsection.5.1}{Chequeo de sintaxis}{section.5}% 11
\BOOKMARK [2][-]{subsection.5.2}{Ensamblado}{section.5}% 12
\BOOKMARK [2][-]{subsection.5.3}{Cargado en memoria}{section.5}% 13
\BOOKMARK [2][-]{subsection.5.4}{Ejecuci\363n paso a paso}{section.5}% 14
\BOOKMARK [1][-]{section.6}{Implementaci\363n}{part.2}% 15
\BOOKMARK [2][-]{subsection.6.1}{Tecnolog\355a utilizada}{section.6}% 16
\BOOKMARK [2][-]{subsection.6.2}{Dise\361o Orientado a Objetos}{section.6}% 17
\BOOKMARK [3][-]{subsubsection.6.2.1}{ALU}{subsection.6.2}% 18
\BOOKMARK [3][-]{subsubsection.6.2.2}{Bus de entrada y salida, memoria y puertos}{subsection.6.2}% 19
\BOOKMARK [3][-]{subsubsection.6.2.3}{CPU}{subsection.6.2}% 20
\BOOKMARK [3][-]{subsubsection.6.2.4}{Int\351rprete}{subsection.6.2}% 21
\BOOKMARK [3][-]{subsubsection.6.2.5}{Modos de direccionamiento y W16}{subsection.6.2}% 22
\BOOKMARK [3][-]{subsubsection.6.2.6}{Instrucciones}{subsection.6.2}% 23
\BOOKMARK [3][-]{subsubsection.6.2.7}{Programa}{subsection.6.2}% 24
\BOOKMARK [3][-]{subsubsection.6.2.8}{Simulador}{subsection.6.2}% 25
\BOOKMARK [0][-]{part.3}{III Evaluaci\363n del desarrollo}{}% 26
\BOOKMARK [1][-]{section.7}{Dificultades encontradas}{part.3}% 27
\BOOKMARK [2][-]{subsection.7.1}{Dificultades presentadas por el dominio}{section.7}% 28
\BOOKMARK [2][-]{subsection.7.2}{Dificultades de dise\361o}{section.7}% 29
\BOOKMARK [1][-]{section.8}{Casos de prueba \(revisar redaccion!!\)}{part.3}% 30
\BOOKMARK [2][-]{subsection.8.1}{Chequeo de sintaxis en la distintas Qi}{section.8}% 31
\BOOKMARK [2][-]{subsection.8.2}{Ensamblado}{section.8}% 32
\BOOKMARK [2][-]{subsection.8.3}{Decodificaci\363n}{section.8}% 33
\BOOKMARK [2][-]{subsection.8.4}{Ejecuci\363n}{section.8}% 34
\BOOKMARK [3][-]{subsubsection.8.4.1}{Operaciones de ALU}{subsection.8.4}% 35
\BOOKMARK [3][-]{subsubsection.8.4.2}{B\372squeda de Operandos}{subsection.8.4}% 36
\BOOKMARK [3][-]{subsubsection.8.4.3}{Almacenamiento de Operandos}{subsection.8.4}% 37
\BOOKMARK [1][-]{section.9}{Ejemplos de uso \(Revisar!!\)}{part.3}% 38
\BOOKMARK [2][-]{subsection.9.1}{Errores de Sintaxis}{section.9}% 39
\BOOKMARK [2][-]{subsection.9.2}{Para Experimentar}{section.9}% 40
\BOOKMARK [1][-]{section.10}{Trabajo Futuro}{part.3}% 41
\BOOKMARK [0][-]{part.4}{IV Ap\351ndices}{}% 42
\BOOKMARK [1][-]{appendix.Alph1}{Especificaci\363n de la arquitectura Q}{part.4}% 43
\BOOKMARK [2][-]{subsection.Alph1.1}{Caracter\355sticas generales}{appendix.Alph1}% 44
\BOOKMARK [2][-]{subsection.Alph1.2}{Modos de direccionamiento}{appendix.Alph1}% 45
\BOOKMARK [2][-]{subsection.Alph1.3}{Repertorio de instrucciones}{appendix.Alph1}% 46
\BOOKMARK [3][-]{subsubsection.Alph1.3.1}{Instrucciones de 2 operandos}{subsection.Alph1.3}% 47
\BOOKMARK [3][-]{subsubsection.Alph1.3.2}{Instrucciones de 1 operando origen \(falta revisar Mara\)}{subsection.Alph1.3}% 48
\BOOKMARK [3][-]{subsubsection.Alph1.3.3}{Instrucciones de 1 operando destino \(falta revisar Mara\)}{subsection.Alph1.3}% 49
\BOOKMARK [3][-]{subsubsection.Alph1.3.4}{Instrucciones sin operandos \(falta revisar Mara\)}{subsection.Alph1.3}% 50
\BOOKMARK [3][-]{subsubsection.Alph1.3.5}{Instrucciones de salto condicional \(falta revisar Mara\)}{subsection.Alph1.3}% 51
\BOOKMARK [1][-]{appendix.Alph2}{Como utilizar el simulador}{part.4}% 52
